2019-07-14 10:05:53,162 [9] ERROR App.UI.WebForm.Pages.Mantenimientos.Track.TrackEdit System.Data.Entity.Core.EntityException: The underlying provider failed on Open. ---> System.Data.SqlClient.SqlException: Error relacionado con la red o específico de la instancia mientras se establecía una conexión con el servidor SQL Server. No se encontró el servidor o éste no estaba accesible. Compruebe que el nombre de la instancia es correcto y que SQL Server está configurado para admitir conexiones remotas. (provider: SQL Network Interfaces, error: 26 - Error al buscar el servidor o instancia especificado)
   en System.Data.SqlClient.SqlInternalConnectionTds..ctor(DbConnectionPoolIdentity identity, SqlConnectionString connectionOptions, SqlCredential credential, Object providerInfo, String newPassword, SecureString newSecurePassword, Boolean redirectedUserInstance, SqlConnectionString userConnectionOptions, SessionData reconnectSessionData, DbConnectionPool pool, String accessToken, Boolean applyTransientFaultHandling)
   en System.Data.SqlClient.SqlConnectionFactory.CreateConnection(DbConnectionOptions options, DbConnectionPoolKey poolKey, Object poolGroupProviderInfo, DbConnectionPool pool, DbConnection owningConnection, DbConnectionOptions userOptions)
   en System.Data.ProviderBase.DbConnectionFactory.CreatePooledConnection(DbConnectionPool pool, DbConnection owningObject, DbConnectionOptions options, DbConnectionPoolKey poolKey, DbConnectionOptions userOptions)
   en System.Data.ProviderBase.DbConnectionPool.CreateObject(DbConnection owningObject, DbConnectionOptions userOptions, DbConnectionInternal oldConnection)
   en System.Data.ProviderBase.DbConnectionPool.UserCreateRequest(DbConnection owningObject, DbConnectionOptions userOptions, DbConnectionInternal oldConnection)
   en System.Data.ProviderBase.DbConnectionPool.TryGetConnection(DbConnection owningObject, UInt32 waitForMultipleObjectsTimeout, Boolean allowCreate, Boolean onlyOneCheckConnection, DbConnectionOptions userOptions, DbConnectionInternal& connection)
   en System.Data.ProviderBase.DbConnectionPool.TryGetConnection(DbConnection owningObject, TaskCompletionSource`1 retry, DbConnectionOptions userOptions, DbConnectionInternal& connection)
   en System.Data.ProviderBase.DbConnectionFactory.TryGetConnection(DbConnection owningConnection, TaskCompletionSource`1 retry, DbConnectionOptions userOptions, DbConnectionInternal oldConnection, DbConnectionInternal& connection)
   en System.Data.ProviderBase.DbConnectionInternal.TryOpenConnectionInternal(DbConnection outerConnection, DbConnectionFactory connectionFactory, TaskCompletionSource`1 retry, DbConnectionOptions userOptions)
   en System.Data.ProviderBase.DbConnectionClosed.TryOpenConnection(DbConnection outerConnection, DbConnectionFactory connectionFactory, TaskCompletionSource`1 retry, DbConnectionOptions userOptions)
   en System.Data.SqlClient.SqlConnection.TryOpenInner(TaskCompletionSource`1 retry)
   en System.Data.SqlClient.SqlConnection.TryOpen(TaskCompletionSource`1 retry)
   en System.Data.SqlClient.SqlConnection.Open()
   en System.Data.Entity.Infrastructure.Interception.DbConnectionDispatcher.<Open>b__36(DbConnection t, DbConnectionInterceptionContext c)
   en System.Data.Entity.Infrastructure.Interception.InternalDispatcher`1.Dispatch[TTarget,TInterceptionContext](TTarget target, Action`2 operation, TInterceptionContext interceptionContext, Action`3 executing, Action`3 executed)
   en System.Data.Entity.Infrastructure.Interception.DbConnectionDispatcher.Open(DbConnection connection, DbInterceptionContext interceptionContext)
   en System.Data.Entity.Core.EntityClient.EntityConnection.<Open>b__2()
   en System.Data.Entity.SqlServer.DefaultSqlExecutionStrategy.<>c__DisplayClass1.<Execute>b__0()
   en System.Data.Entity.SqlServer.DefaultSqlExecutionStrategy.Execute[TResult](Func`1 operation)
   en System.Data.Entity.SqlServer.DefaultSqlExecutionStrategy.Execute(Action operation)
   en System.Data.Entity.Core.EntityClient.EntityConnection.Open()
   --- Fin del seguimiento de la pila de la excepción interna ---
   en System.Data.Entity.Core.EntityClient.EntityConnection.Open()
   en System.Data.Entity.Core.Objects.ObjectContext.EnsureConnection(Boolean shouldMonitorTransactions)
   en System.Data.Entity.Core.Objects.ObjectContext.ExecuteInTransaction[T](Func`1 func, IDbExecutionStrategy executionStrategy, Boolean startLocalTransaction, Boolean releaseConnectionOnSuccess)
   en System.Data.Entity.Core.Objects.ObjectContext.SaveChangesToStore(SaveOptions options, IDbExecutionStrategy executionStrategy, Boolean startLocalTransaction)
   en System.Data.Entity.Core.Objects.ObjectContext.<>c__DisplayClass2a.<SaveChangesInternal>b__27()
   en System.Data.Entity.SqlServer.DefaultSqlExecutionStrategy.Execute[TResult](Func`1 operation)
   en System.Data.Entity.Core.Objects.ObjectContext.SaveChangesInternal(SaveOptions options, Boolean executeInExistingTransaction)
   en System.Data.Entity.Core.Objects.ObjectContext.SaveChanges(SaveOptions options)
   en System.Data.Entity.Internal.InternalContext.SaveChanges()
   en System.Data.Entity.Internal.LazyInternalContext.SaveChanges()
   en System.Data.Entity.DbContext.SaveChanges()
   en App.Data.Repository.AppUnitOfWork.Complete() en D:\VSDeveloper\src\vs2017-2019-03\Cap11\slnApp\App.Data.Repository\AppUnitOfWork.cs:línea 37
   en App.UI.WebForm.Pages.Mantenimientos.Track.TrackEdit.Guardar() en D:\VSDeveloper\src\vs2017-2019-03\Cap11\slnApp\App.UI.WebForm\Pages\Mantenimientos\Track\TrackEdit.aspx.cs:línea 110
   en App.UI.WebForm.Pages.Mantenimientos.Track.TrackEdit.btnGuardar_Click(Object sender, EventArgs e) en D:\VSDeveloper\src\vs2017-2019-03\Cap11\slnApp\App.UI.WebForm\Pages\Mantenimientos\Track\TrackEdit.aspx.cs:línea 79
   en System.Web.UI.WebControls.Button.OnClick(EventArgs e)
   en System.Web.UI.WebControls.Button.RaisePostBackEvent(String eventArgument)
   en System.Web.UI.WebControls.Button.System.Web.UI.IPostBackEventHandler.RaisePostBackEvent(String eventArgument)
   en System.Web.UI.Page.RaisePostBackEvent(IPostBackEventHandler sourceControl, String eventArgument)
   en System.Web.UI.Page.RaisePostBackEvent(NameValueCollection postData)
   en System.Web.UI.Page.ProcessRequestMain(Boolean includeStagesBeforeAsyncPoint, Boolean includeStagesAfterAsyncPoint)
2019-07-14 10:58:23,177 [5] ERROR App.UI.WebForm.Global System.Web.HttpException (0x80004005): El archivo '/TrackEdit.aspx' no existe.
   en System.Web.UI.Util.CheckVirtualFileExists(VirtualPath virtualPath)
   en System.Web.Compilation.BuildManager.GetVPathBuildResultInternal(VirtualPath virtualPath, Boolean noBuild, Boolean allowCrossApp, Boolean allowBuildInPrecompile, Boolean throwIfNotFound, Boolean ensureIsUpToDate)
   en System.Web.Compilation.BuildManager.GetVPathBuildResultWithNoAssert(HttpContext context, VirtualPath virtualPath, Boolean noBuild, Boolean allowCrossApp, Boolean allowBuildInPrecompile, Boolean throwIfNotFound, Boolean ensureIsUpToDate)
   en System.Web.Compilation.BuildManager.GetVirtualPathObjectFactory(VirtualPath virtualPath, HttpContext context, Boolean allowCrossApp, Boolean throwIfNotFound)
   en System.Web.Compilation.BuildManager.CreateInstanceFromVirtualPath(VirtualPath virtualPath, Type requiredBaseType, HttpContext context, Boolean allowCrossApp)
   en System.Web.UI.PageHandlerFactory.GetHandlerHelper(HttpContext context, String requestType, VirtualPath virtualPath, String physicalPath)
   en System.Web.UI.PageHandlerFactory.GetHandler(HttpContext context, String requestType, String virtualPath, String path)
   en System.Web.HttpApplication.MaterializeHandlerExecutionStep.System.Web.HttpApplication.IExecutionStep.Execute()
   en System.Web.HttpApplication.ExecuteStepImpl(IExecutionStep step)
   en System.Web.HttpApplication.ExecuteStep(IExecutionStep step, Boolean& completedSynchronously)
2019-07-14 10:58:58,368 [8] ERROR App.UI.WebForm.Global System.Web.HttpException (0x80004005): El archivo '/TrackEdit.aspx' no existe.
   en System.Web.UI.Util.CheckVirtualFileExists(VirtualPath virtualPath)
   en System.Web.Compilation.BuildManager.GetVPathBuildResultInternal(VirtualPath virtualPath, Boolean noBuild, Boolean allowCrossApp, Boolean allowBuildInPrecompile, Boolean throwIfNotFound, Boolean ensureIsUpToDate)
   en System.Web.Compilation.BuildManager.GetVPathBuildResultWithNoAssert(HttpContext context, VirtualPath virtualPath, Boolean noBuild, Boolean allowCrossApp, Boolean allowBuildInPrecompile, Boolean throwIfNotFound, Boolean ensureIsUpToDate)
   en System.Web.Compilation.BuildManager.GetVirtualPathObjectFactory(VirtualPath virtualPath, HttpContext context, Boolean allowCrossApp, Boolean throwIfNotFound)
   en System.Web.Compilation.BuildManager.CreateInstanceFromVirtualPath(VirtualPath virtualPath, Type requiredBaseType, HttpContext context, Boolean allowCrossApp)
   en System.Web.UI.PageHandlerFactory.GetHandlerHelper(HttpContext context, String requestType, VirtualPath virtualPath, String physicalPath)
   en System.Web.UI.PageHandlerFactory.GetHandler(HttpContext context, String requestType, String virtualPath, String path)
   en System.Web.HttpApplication.MaterializeHandlerExecutionStep.System.Web.HttpApplication.IExecutionStep.Execute()
   en System.Web.HttpApplication.ExecuteStepImpl(IExecutionStep step)
   en System.Web.HttpApplication.ExecuteStep(IExecutionStep step, Boolean& completedSynchronously)
2019-07-14 11:00:31,881 [16] INFO  App.UI.WebForm.Pages.Mantenimientos.Track.TrackEdit Anter de obtener la lista de album
2019-07-14 11:00:32,402 [16] INFO  App.UI.WebForm.Pages.Mantenimientos.Track.TrackEdit Despues de obtener la lista de album: Numéro registros 347
2019-07-14 11:01:25,103 [8] INFO  App.UI.WebForm.Pages.Mantenimientos.Track.TrackEdit Anter de obtener la lista de album
2019-07-14 11:01:25,107 [8] INFO  App.UI.WebForm.Pages.Mantenimientos.Track.TrackEdit Despues de obtener la lista de album: Numéro registros 347
2019-07-14 11:02:42,367 [16] INFO  App.UI.WebForm.Pages.Mantenimientos.Track.TrackEdit Anter de obtener la lista de album
2019-07-14 11:02:42,371 [16] INFO  App.UI.WebForm.Pages.Mantenimientos.Track.TrackEdit Despues de obtener la lista de album: Numéro registros 347
2019-07-14 11:08:12,583 [8] ERROR App.UI.WebForm.Global System.Web.HttpException (0x80004005): El archivo '/TrackList.aspx' no existe.
   en System.Web.UI.Util.CheckVirtualFileExists(VirtualPath virtualPath)
   en System.Web.Compilation.BuildManager.GetVPathBuildResultInternal(VirtualPath virtualPath, Boolean noBuild, Boolean allowCrossApp, Boolean allowBuildInPrecompile, Boolean throwIfNotFound, Boolean ensureIsUpToDate)
   en System.Web.Compilation.BuildManager.GetVPathBuildResultWithNoAssert(HttpContext context, VirtualPath virtualPath, Boolean noBuild, Boolean allowCrossApp, Boolean allowBuildInPrecompile, Boolean throwIfNotFound, Boolean ensureIsUpToDate)
   en System.Web.Compilation.BuildManager.GetVirtualPathObjectFactory(VirtualPath virtualPath, HttpContext context, Boolean allowCrossApp, Boolean throwIfNotFound)
   en System.Web.Compilation.BuildManager.CreateInstanceFromVirtualPath(VirtualPath virtualPath, Type requiredBaseType, HttpContext context, Boolean allowCrossApp)
   en System.Web.UI.PageHandlerFactory.GetHandlerHelper(HttpContext context, String requestType, VirtualPath virtualPath, String physicalPath)
   en System.Web.UI.PageHandlerFactory.GetHandler(HttpContext context, String requestType, String virtualPath, String path)
   en System.Web.HttpApplication.MaterializeHandlerExecutionStep.System.Web.HttpApplication.IExecutionStep.Execute()
   en System.Web.HttpApplication.ExecuteStepImpl(IExecutionStep step)
   en System.Web.HttpApplication.ExecuteStep(IExecutionStep step, Boolean& completedSynchronously)
2019-07-14 11:11:05,480 [8] ERROR App.UI.WebForm.Global System.Web.HttpException (0x80004005): El archivo '/TrackList.aspx' no existe.
   en System.Web.UI.Util.CheckVirtualFileExists(VirtualPath virtualPath)
   en System.Web.Compilation.BuildManager.GetVPathBuildResultInternal(VirtualPath virtualPath, Boolean noBuild, Boolean allowCrossApp, Boolean allowBuildInPrecompile, Boolean throwIfNotFound, Boolean ensureIsUpToDate)
   en System.Web.Compilation.BuildManager.GetVPathBuildResultWithNoAssert(HttpContext context, VirtualPath virtualPath, Boolean noBuild, Boolean allowCrossApp, Boolean allowBuildInPrecompile, Boolean throwIfNotFound, Boolean ensureIsUpToDate)
   en System.Web.Compilation.BuildManager.GetVirtualPathObjectFactory(VirtualPath virtualPath, HttpContext context, Boolean allowCrossApp, Boolean throwIfNotFound)
   en System.Web.Compilation.BuildManager.CreateInstanceFromVirtualPath(VirtualPath virtualPath, Type requiredBaseType, HttpContext context, Boolean allowCrossApp)
   en System.Web.UI.PageHandlerFactory.GetHandlerHelper(HttpContext context, String requestType, VirtualPath virtualPath, String physicalPath)
   en System.Web.UI.PageHandlerFactory.GetHandler(HttpContext context, String requestType, String virtualPath, String path)
   en System.Web.HttpApplication.MaterializeHandlerExecutionStep.System.Web.HttpApplication.IExecutionStep.Execute()
   en System.Web.HttpApplication.ExecuteStepImpl(IExecutionStep step)
   en System.Web.HttpApplication.ExecuteStep(IExecutionStep step, Boolean& completedSynchronously)
2019-07-14 11:15:09,560 [15] ERROR App.UI.WebForm.Global System.Web.HttpException (0x80004005): El archivo '/TrackList.aspx' no existe.
   en System.Web.UI.Util.CheckVirtualFileExists(VirtualPath virtualPath)
   en System.Web.Compilation.BuildManager.GetVPathBuildResultInternal(VirtualPath virtualPath, Boolean noBuild, Boolean allowCrossApp, Boolean allowBuildInPrecompile, Boolean throwIfNotFound, Boolean ensureIsUpToDate)
   en System.Web.Compilation.BuildManager.GetVPathBuildResultWithNoAssert(HttpContext context, VirtualPath virtualPath, Boolean noBuild, Boolean allowCrossApp, Boolean allowBuildInPrecompile, Boolean throwIfNotFound, Boolean ensureIsUpToDate)
   en System.Web.Compilation.BuildManager.GetVirtualPathObjectFactory(VirtualPath virtualPath, HttpContext context, Boolean allowCrossApp, Boolean throwIfNotFound)
   en System.Web.Compilation.BuildManager.CreateInstanceFromVirtualPath(VirtualPath virtualPath, Type requiredBaseType, HttpContext context, Boolean allowCrossApp)
   en System.Web.UI.PageHandlerFactory.GetHandlerHelper(HttpContext context, String requestType, VirtualPath virtualPath, String physicalPath)
   en System.Web.UI.PageHandlerFactory.GetHandler(HttpContext context, String requestType, String virtualPath, String path)
   en System.Web.HttpApplication.MaterializeHandlerExecutionStep.System.Web.HttpApplication.IExecutionStep.Execute()
   en System.Web.HttpApplication.ExecuteStepImpl(IExecutionStep step)
   en System.Web.HttpApplication.ExecuteStep(IExecutionStep step, Boolean& completedSynchronously)
2019-07-14 11:16:32,983 [18] INFO  App.UI.WebForm.Pages.Mantenimientos.Track.TrackEdit Anter de obtener la lista de album
2019-07-14 11:16:33,333 [18] INFO  App.UI.WebForm.Pages.Mantenimientos.Track.TrackEdit Despues de obtener la lista de album: Numéro registros 347
2019-07-14 11:17:12,349 [19] INFO  App.UI.WebForm.Pages.Mantenimientos.Track.TrackEdit Anter de obtener la lista de album
2019-07-14 11:17:12,353 [19] INFO  App.UI.WebForm.Pages.Mantenimientos.Track.TrackEdit Despues de obtener la lista de album: Numéro registros 347
2019-07-14 11:17:33,019 [16] INFO  App.UI.WebForm.Pages.Mantenimientos.Track.TrackEdit Anter de obtener la lista de album
2019-07-14 11:17:33,025 [16] INFO  App.UI.WebForm.Pages.Mantenimientos.Track.TrackEdit Despues de obtener la lista de album: Numéro registros 347
2019-07-14 11:34:54,604 [11] ERROR App.UI.WebForm.Global System.Web.HttpException (0x80004005): El archivo '/~/Pages/Mantenimientos/Track/TrackList.aspx' no existe.
   en System.Web.UI.Util.CheckVirtualFileExists(VirtualPath virtualPath)
   en System.Web.Compilation.BuildManager.GetVPathBuildResultInternal(VirtualPath virtualPath, Boolean noBuild, Boolean allowCrossApp, Boolean allowBuildInPrecompile, Boolean throwIfNotFound, Boolean ensureIsUpToDate)
   en System.Web.Compilation.BuildManager.GetVPathBuildResultWithNoAssert(HttpContext context, VirtualPath virtualPath, Boolean noBuild, Boolean allowCrossApp, Boolean allowBuildInPrecompile, Boolean throwIfNotFound, Boolean ensureIsUpToDate)
   en System.Web.Compilation.BuildManager.GetVirtualPathObjectFactory(VirtualPath virtualPath, HttpContext context, Boolean allowCrossApp, Boolean throwIfNotFound)
   en System.Web.Compilation.BuildManager.CreateInstanceFromVirtualPath(VirtualPath virtualPath, Type requiredBaseType, HttpContext context, Boolean allowCrossApp)
   en System.Web.UI.PageHandlerFactory.GetHandlerHelper(HttpContext context, String requestType, VirtualPath virtualPath, String physicalPath)
   en System.Web.UI.PageHandlerFactory.GetHandler(HttpContext context, String requestType, String virtualPath, String path)
   en System.Web.HttpApplication.MaterializeHandlerExecutionStep.System.Web.HttpApplication.IExecutionStep.Execute()
   en System.Web.HttpApplication.ExecuteStepImpl(IExecutionStep step)
   en System.Web.HttpApplication.ExecuteStep(IExecutionStep step, Boolean& completedSynchronously)
2019-07-14 11:51:06,353 [9] ERROR App.UI.WebForm.Global System.Web.HttpParseException (0x80004005): D:\VSDeveloper\src\vs2017-2019-03\Cap11\slnApp\App.UI.WebForm\MainMaster.Master(386): error CS1026: ) expected ---> System.Web.HttpCompileException (0x80004005): D:\VSDeveloper\src\vs2017-2019-03\Cap11\slnApp\App.UI.WebForm\MainMaster.Master(386): error CS1026: ) expected
   en System.Web.Compilation.BuildManager.PostProcessFoundBuildResult(BuildResult result, Boolean keyFromVPP, VirtualPath virtualPath)
   en System.Web.Compilation.BuildManager.GetBuildResultFromCacheInternal(String cacheKey, Boolean keyFromVPP, VirtualPath virtualPath, Int64 hashCode, Boolean ensureIsUpToDate)
   en System.Web.Compilation.BuildManager.GetVPathBuildResultFromCacheInternal(VirtualPath virtualPath, Boolean ensureIsUpToDate)
   en System.Web.Compilation.BuildManager.GetVPathBuildResultInternal(VirtualPath virtualPath, Boolean noBuild, Boolean allowCrossApp, Boolean allowBuildInPrecompile, Boolean throwIfNotFound, Boolean ensureIsUpToDate)
   en System.Web.Compilation.BuildManager.GetVPathBuildResultWithNoAssert(HttpContext context, VirtualPath virtualPath, Boolean noBuild, Boolean allowCrossApp, Boolean allowBuildInPrecompile, Boolean throwIfNotFound, Boolean ensureIsUpToDate)
   en System.Web.Compilation.BuildManager.GetVPathBuildResult(HttpContext context, VirtualPath virtualPath, Boolean noBuild, Boolean allowCrossApp, Boolean allowBuildInPrecompile, Boolean ensureIsUpToDate)
   en System.Web.UI.BaseTemplateParser.GetReferencedType(VirtualPath virtualPath, Boolean allowNoCompile)
   en System.Web.UI.PageParser.ProcessMainDirectiveAttribute(String deviceName, String name, String value, IDictionary parseData)
   en System.Web.UI.TemplateParser.ProcessMainDirective(IDictionary mainDirective)
   en System.Web.UI.TemplateParser.ProcessException(Exception ex)
   en System.Web.UI.TemplateParser.ParseStringInternal(String text, Encoding fileEncoding)
   en System.Web.UI.TemplateParser.ParseString(String text, VirtualPath virtualPath, Encoding fileEncoding)
   en System.Web.UI.TemplateParser.ParseFile(String physicalPath, VirtualPath virtualPath)
   en System.Web.UI.TemplateParser.ParseInternal()
   en System.Web.UI.TemplateParser.Parse()
   en System.Web.Compilation.BaseTemplateBuildProvider.get_CodeCompilerType()
   en System.Web.Compilation.BuildProvider.GetCompilerTypeFromBuildProvider(BuildProvider buildProvider)
   en System.Web.Compilation.BuildProvidersCompiler.ProcessBuildProviders()
   en System.Web.Compilation.BuildProvidersCompiler.PerformBuild()
   en System.Web.Compilation.BuildManager.CompileWebFile(VirtualPath virtualPath)
   en System.Web.Compilation.BuildManager.GetVPathBuildResultInternal(VirtualPath virtualPath, Boolean noBuild, Boolean allowCrossApp, Boolean allowBuildInPrecompile, Boolean throwIfNotFound, Boolean ensureIsUpToDate)
   en System.Web.Compilation.BuildManager.GetVPathBuildResultWithNoAssert(HttpContext context, VirtualPath virtualPath, Boolean noBuild, Boolean allowCrossApp, Boolean allowBuildInPrecompile, Boolean throwIfNotFound, Boolean ensureIsUpToDate)
   en System.Web.Compilation.BuildManager.GetVirtualPathObjectFactory(VirtualPath virtualPath, HttpContext context, Boolean allowCrossApp, Boolean throwIfNotFound)
   en Microsoft.AspNet.FriendlyUrls.Abstractions.BuildManagerWrapper.GetObjectFactory(String virtualPath, Boolean throwIfNotFound)
   en Microsoft.AspNet.FriendlyUrls.FriendlyUrlRoute.GetWebObjectFactory(HttpContextBase httpContext, String modifiedVirtualPath)
   en Microsoft.AspNet.FriendlyUrls.FriendlyUrlRoute.Resolve(HttpContextBase httpContext, IList`1 extensions, String virtualPathOverride, IFriendlyUrlRouteSupportFunctions supportFunctions)
   en Microsoft.AspNet.FriendlyUrls.FriendlyUrlRoute.Microsoft.AspNet.FriendlyUrls.Abstractions.IFriendlyUrlRouteSupportFunctions.Resolve(HttpContextBase httpContext, IList`1 extensions, String virtualPathOverride)
   en Microsoft.AspNet.FriendlyUrls.FriendlyUrlRoute.GetRouteData(HttpContextBase httpContext, String pathOverride, IFriendlyUrlRouteSupportFunctions supportFunctions)
   en Microsoft.AspNet.FriendlyUrls.FriendlyUrlRoute.GetRouteData(HttpContextBase httpContext)
   en System.Web.Routing.RouteCollection.GetRouteData(HttpContextBase httpContext)
   en System.Web.Routing.UrlRoutingModule.PostResolveRequestCache(HttpContextBase context)
   en System.Web.Routing.UrlRoutingModule.OnApplicationPostResolveRequestCache(Object sender, EventArgs e)
   en System.Web.HttpApplication.SyncEventExecutionStep.System.Web.HttpApplication.IExecutionStep.Execute()
   en System.Web.HttpApplication.ExecuteStepImpl(IExecutionStep step)
   en System.Web.HttpApplication.ExecuteStep(IExecutionStep step, Boolean& completedSynchronously)
2019-07-14 12:07:48,685 [14] ERROR App.UI.WebForm.Global System.Web.HttpException (0x80004005): El archivo '/~/Pages/Mantenimientos/Track/TrackList.aspx' no existe.
   en System.Web.UI.Util.CheckVirtualFileExists(VirtualPath virtualPath)
   en System.Web.Compilation.BuildManager.GetVPathBuildResultInternal(VirtualPath virtualPath, Boolean noBuild, Boolean allowCrossApp, Boolean allowBuildInPrecompile, Boolean throwIfNotFound, Boolean ensureIsUpToDate)
   en System.Web.Compilation.BuildManager.GetVPathBuildResultWithNoAssert(HttpContext context, VirtualPath virtualPath, Boolean noBuild, Boolean allowCrossApp, Boolean allowBuildInPrecompile, Boolean throwIfNotFound, Boolean ensureIsUpToDate)
   en System.Web.Compilation.BuildManager.GetVirtualPathObjectFactory(VirtualPath virtualPath, HttpContext context, Boolean allowCrossApp, Boolean throwIfNotFound)
   en System.Web.Compilation.BuildManager.CreateInstanceFromVirtualPath(VirtualPath virtualPath, Type requiredBaseType, HttpContext context, Boolean allowCrossApp)
   en System.Web.UI.PageHandlerFactory.GetHandlerHelper(HttpContext context, String requestType, VirtualPath virtualPath, String physicalPath)
   en System.Web.UI.PageHandlerFactory.GetHandler(HttpContext context, String requestType, String virtualPath, String path)
   en System.Web.HttpApplication.MaterializeHandlerExecutionStep.System.Web.HttpApplication.IExecutionStep.Execute()
   en System.Web.HttpApplication.ExecuteStepImpl(IExecutionStep step)
   en System.Web.HttpApplication.ExecuteStep(IExecutionStep step, Boolean& completedSynchronously)
2019-07-14 12:09:38,786 [14] INFO  App.UI.WebForm.Pages.Mantenimientos.Track.TrackEdit Anter de obtener la lista de album
2019-07-14 12:09:38,820 [14] INFO  App.UI.WebForm.Pages.Mantenimientos.Track.TrackEdit Despues de obtener la lista de album: Numéro registros 347
2019-07-21 10:57:25,342 [12] ERROR App.UI.WebForm.Global System.Web.HttpUnhandledException (0x80004005): Se produjo una excepción de tipo 'System.Web.HttpUnhandledException'. ---> System.FormatException: La cadena de entrada no tiene el formato correcto.
   en System.Number.StringToNumber(String str, NumberStyles options, NumberBuffer& number, NumberFormatInfo info, Boolean parseDecimal)
   en System.Number.ParseInt32(String s, NumberStyles style, NumberFormatInfo info)
   en System.Convert.ToInt32(String value)
   en App.UI.WebForm.Pages.Venta.VentaRegistro.btnAgregar_Click(Object sender, EventArgs e) en C:\VSD\vs2017-Developer\Cap14\slnApp\App.UI.WebForm\Pages\Venta\VentaRegistro.aspx.cs:línea 42
   en System.Web.UI.WebControls.Button.OnClick(EventArgs e)
   en System.Web.UI.WebControls.Button.RaisePostBackEvent(String eventArgument)
   en System.Web.UI.WebControls.Button.System.Web.UI.IPostBackEventHandler.RaisePostBackEvent(String eventArgument)
   en System.Web.UI.Page.RaisePostBackEvent(IPostBackEventHandler sourceControl, String eventArgument)
   en System.Web.UI.Page.RaisePostBackEvent(NameValueCollection postData)
   en System.Web.UI.Page.ProcessRequestMain(Boolean includeStagesBeforeAsyncPoint, Boolean includeStagesAfterAsyncPoint)
   en System.Web.UI.Page.HandleError(Exception e)
   en System.Web.UI.Page.ProcessRequestMain(Boolean includeStagesBeforeAsyncPoint, Boolean includeStagesAfterAsyncPoint)
   en System.Web.UI.Page.ProcessRequest(Boolean includeStagesBeforeAsyncPoint, Boolean includeStagesAfterAsyncPoint)
   en System.Web.UI.Page.ProcessRequest()
   en System.Web.UI.Page.ProcessRequestWithNoAssert(HttpContext context)
   en System.Web.UI.Page.ProcessRequest(HttpContext context)
   en ASP.pages_venta_ventaregistro_aspx.ProcessRequest(HttpContext context)
   en System.Web.HttpApplication.CallHandlerExecutionStep.System.Web.HttpApplication.IExecutionStep.Execute()
   en System.Web.HttpApplication.ExecuteStepImpl(IExecutionStep step)
   en System.Web.HttpApplication.ExecuteStep(IExecutionStep step, Boolean& completedSynchronously)
2019-07-21 14:07:34,948 [5] ERROR App.UI.WebForm.Global System.Web.HttpParseException (0x80004005): Un componente externo produjo una excepción. ---> System.Web.HttpCompileException (0x80004005): Un componente externo produjo una excepción.
   en System.Web.Compilation.BuildManager.PostProcessFoundBuildResult(BuildResult result, Boolean keyFromVPP, VirtualPath virtualPath)
   en System.Web.Compilation.BuildManager.GetBuildResultFromCacheInternal(String cacheKey, Boolean keyFromVPP, VirtualPath virtualPath, Int64 hashCode, Boolean ensureIsUpToDate)
   en System.Web.Compilation.BuildManager.GetVPathBuildResultFromCacheInternal(VirtualPath virtualPath, Boolean ensureIsUpToDate)
   en System.Web.Compilation.BuildManager.GetVPathBuildResultInternal(VirtualPath virtualPath, Boolean noBuild, Boolean allowCrossApp, Boolean allowBuildInPrecompile, Boolean throwIfNotFound, Boolean ensureIsUpToDate)
   en System.Web.Compilation.BuildManager.GetVPathBuildResultWithNoAssert(HttpContext context, VirtualPath virtualPath, Boolean noBuild, Boolean allowCrossApp, Boolean allowBuildInPrecompile, Boolean throwIfNotFound, Boolean ensureIsUpToDate)
   en System.Web.Compilation.BuildManager.GetVPathBuildResult(HttpContext context, VirtualPath virtualPath, Boolean noBuild, Boolean allowCrossApp, Boolean allowBuildInPrecompile, Boolean ensureIsUpToDate)
   en System.Web.UI.BaseTemplateParser.GetReferencedType(VirtualPath virtualPath, Boolean allowNoCompile)
   en System.Web.UI.BaseTemplateParser.GetUserControlType(VirtualPath virtualPath)
   en System.Web.UI.MainTagNameToTypeMapper.ProcessUserControlRegistration(UserControlRegisterEntry ucRegisterEntry)
   en System.Web.UI.BaseTemplateParser.ProcessDirective(String directiveName, IDictionary directive)
   en System.Web.UI.TemplateControlParser.ProcessDirective(String directiveName, IDictionary directive)
   en System.Web.UI.PageParser.ProcessDirective(String directiveName, IDictionary directive)
   en System.Web.UI.TemplateParser.ParseStringInternal(String text, Encoding fileEncoding)
   en System.Web.UI.TemplateParser.ProcessException(Exception ex)
   en System.Web.UI.TemplateParser.ParseStringInternal(String text, Encoding fileEncoding)
   en System.Web.UI.TemplateParser.ParseString(String text, VirtualPath virtualPath, Encoding fileEncoding)
   en System.Web.UI.TemplateParser.ParseFile(String physicalPath, VirtualPath virtualPath)
   en System.Web.UI.TemplateParser.ParseInternal()
   en System.Web.UI.TemplateParser.Parse()
   en System.Web.Compilation.BaseTemplateBuildProvider.get_CodeCompilerType()
   en System.Web.Compilation.BuildProvider.GetCompilerTypeFromBuildProvider(BuildProvider buildProvider)
   en System.Web.Compilation.BuildProvidersCompiler.ProcessBuildProviders()
   en System.Web.Compilation.BuildProvidersCompiler.PerformBuild()
   en System.Web.Compilation.BuildManager.CompileWebFile(VirtualPath virtualPath)
   en System.Web.Compilation.BuildManager.GetVPathBuildResultInternal(VirtualPath virtualPath, Boolean noBuild, Boolean allowCrossApp, Boolean allowBuildInPrecompile, Boolean throwIfNotFound, Boolean ensureIsUpToDate)
   en System.Web.Compilation.BuildManager.GetVPathBuildResultWithNoAssert(HttpContext context, VirtualPath virtualPath, Boolean noBuild, Boolean allowCrossApp, Boolean allowBuildInPrecompile, Boolean throwIfNotFound, Boolean ensureIsUpToDate)
   en System.Web.Compilation.BuildManager.GetVirtualPathObjectFactory(VirtualPath virtualPath, HttpContext context, Boolean allowCrossApp, Boolean throwIfNotFound)
   en Microsoft.AspNet.FriendlyUrls.Abstractions.BuildManagerWrapper.GetObjectFactory(String virtualPath, Boolean throwIfNotFound)
   en Microsoft.AspNet.FriendlyUrls.FriendlyUrlRoute.GetWebObjectFactory(HttpContextBase httpContext, String modifiedVirtualPath)
   en Microsoft.AspNet.FriendlyUrls.FriendlyUrlRoute.Resolve(HttpContextBase httpContext, IList`1 extensions, String virtualPathOverride, IFriendlyUrlRouteSupportFunctions supportFunctions)
   en Microsoft.AspNet.FriendlyUrls.FriendlyUrlRoute.Microsoft.AspNet.FriendlyUrls.Abstractions.IFriendlyUrlRouteSupportFunctions.Resolve(HttpContextBase httpContext, IList`1 extensions, String virtualPathOverride)
   en Microsoft.AspNet.FriendlyUrls.FriendlyUrlRoute.GetRouteData(HttpContextBase httpContext, String pathOverride, IFriendlyUrlRouteSupportFunctions supportFunctions)
   en Microsoft.AspNet.FriendlyUrls.FriendlyUrlRoute.GetRouteData(HttpContextBase httpContext)
   en System.Web.Routing.RouteCollection.GetRouteData(HttpContextBase httpContext)
   en System.Web.Routing.UrlRoutingModule.PostResolveRequestCache(HttpContextBase context)
   en System.Web.Routing.UrlRoutingModule.OnApplicationPostResolveRequestCache(Object sender, EventArgs e)
   en System.Web.HttpApplication.SyncEventExecutionStep.System.Web.HttpApplication.IExecutionStep.Execute()
   en System.Web.HttpApplication.ExecuteStepImpl(IExecutionStep step)
   en System.Web.HttpApplication.ExecuteStep(IExecutionStep step, Boolean& completedSynchronously)
2019-07-21 14:08:52,124 [8] ERROR App.UI.WebForm.Global System.Web.HttpParseException (0x80004005): Un componente externo produjo una excepción. ---> System.Web.HttpCompileException (0x80004005): Un componente externo produjo una excepción.
   en System.Web.Compilation.BuildManager.PostProcessFoundBuildResult(BuildResult result, Boolean keyFromVPP, VirtualPath virtualPath)
   en System.Web.Compilation.BuildManager.GetBuildResultFromCacheInternal(String cacheKey, Boolean keyFromVPP, VirtualPath virtualPath, Int64 hashCode, Boolean ensureIsUpToDate)
   en System.Web.Compilation.BuildManager.GetVPathBuildResultFromCacheInternal(VirtualPath virtualPath, Boolean ensureIsUpToDate)
   en System.Web.Compilation.BuildManager.GetVPathBuildResultInternal(VirtualPath virtualPath, Boolean noBuild, Boolean allowCrossApp, Boolean allowBuildInPrecompile, Boolean throwIfNotFound, Boolean ensureIsUpToDate)
   en System.Web.Compilation.BuildManager.GetVPathBuildResultWithNoAssert(HttpContext context, VirtualPath virtualPath, Boolean noBuild, Boolean allowCrossApp, Boolean allowBuildInPrecompile, Boolean throwIfNotFound, Boolean ensureIsUpToDate)
   en System.Web.Compilation.BuildManager.GetVPathBuildResult(HttpContext context, VirtualPath virtualPath, Boolean noBuild, Boolean allowCrossApp, Boolean allowBuildInPrecompile, Boolean ensureIsUpToDate)
   en System.Web.UI.BaseTemplateParser.GetReferencedType(VirtualPath virtualPath, Boolean allowNoCompile)
   en System.Web.UI.BaseTemplateParser.GetUserControlType(VirtualPath virtualPath)
   en System.Web.UI.MainTagNameToTypeMapper.ProcessUserControlRegistration(UserControlRegisterEntry ucRegisterEntry)
   en System.Web.UI.BaseTemplateParser.ProcessDirective(String directiveName, IDictionary directive)
   en System.Web.UI.TemplateControlParser.ProcessDirective(String directiveName, IDictionary directive)
   en System.Web.UI.PageParser.ProcessDirective(String directiveName, IDictionary directive)
   en System.Web.UI.TemplateParser.ParseStringInternal(String text, Encoding fileEncoding)
   en System.Web.UI.TemplateParser.ProcessException(Exception ex)
   en System.Web.UI.TemplateParser.ParseStringInternal(String text, Encoding fileEncoding)
   en System.Web.UI.TemplateParser.ParseString(String text, VirtualPath virtualPath, Encoding fileEncoding)
   en System.Web.UI.TemplateParser.ParseFile(String physicalPath, VirtualPath virtualPath)
   en System.Web.UI.TemplateParser.ParseInternal()
   en System.Web.UI.TemplateParser.Parse()
   en System.Web.Compilation.BaseTemplateBuildProvider.get_CodeCompilerType()
   en System.Web.Compilation.BuildProvider.GetCompilerTypeFromBuildProvider(BuildProvider buildProvider)
   en System.Web.Compilation.BuildProvidersCompiler.ProcessBuildProviders()
   en System.Web.Compilation.BuildProvidersCompiler.PerformBuild()
   en System.Web.Compilation.BuildManager.CompileWebFile(VirtualPath virtualPath)
   en System.Web.Compilation.BuildManager.GetVPathBuildResultInternal(VirtualPath virtualPath, Boolean noBuild, Boolean allowCrossApp, Boolean allowBuildInPrecompile, Boolean throwIfNotFound, Boolean ensureIsUpToDate)
   en System.Web.Compilation.BuildManager.GetVPathBuildResultWithNoAssert(HttpContext context, VirtualPath virtualPath, Boolean noBuild, Boolean allowCrossApp, Boolean allowBuildInPrecompile, Boolean throwIfNotFound, Boolean ensureIsUpToDate)
   en System.Web.Compilation.BuildManager.GetVirtualPathObjectFactory(VirtualPath virtualPath, HttpContext context, Boolean allowCrossApp, Boolean throwIfNotFound)
   en Microsoft.AspNet.FriendlyUrls.Abstractions.BuildManagerWrapper.GetObjectFactory(String virtualPath, Boolean throwIfNotFound)
   en Microsoft.AspNet.FriendlyUrls.FriendlyUrlRoute.GetWebObjectFactory(HttpContextBase httpContext, String modifiedVirtualPath)
   en Microsoft.AspNet.FriendlyUrls.FriendlyUrlRoute.Resolve(HttpContextBase httpContext, IList`1 extensions, String virtualPathOverride, IFriendlyUrlRouteSupportFunctions supportFunctions)
   en Microsoft.AspNet.FriendlyUrls.FriendlyUrlRoute.Microsoft.AspNet.FriendlyUrls.Abstractions.IFriendlyUrlRouteSupportFunctions.Resolve(HttpContextBase httpContext, IList`1 extensions, String virtualPathOverride)
   en Microsoft.AspNet.FriendlyUrls.FriendlyUrlRoute.GetRouteData(HttpContextBase httpContext, String pathOverride, IFriendlyUrlRouteSupportFunctions supportFunctions)
   en Microsoft.AspNet.FriendlyUrls.FriendlyUrlRoute.GetRouteData(HttpContextBase httpContext)
   en System.Web.Routing.RouteCollection.GetRouteData(HttpContextBase httpContext)
   en System.Web.Routing.UrlRoutingModule.PostResolveRequestCache(HttpContextBase context)
   en System.Web.Routing.UrlRoutingModule.OnApplicationPostResolveRequestCache(Object sender, EventArgs e)
   en System.Web.HttpApplication.SyncEventExecutionStep.System.Web.HttpApplication.IExecutionStep.Execute()
   en System.Web.HttpApplication.ExecuteStepImpl(IExecutionStep step)
   en System.Web.HttpApplication.ExecuteStep(IExecutionStep step, Boolean& completedSynchronously)
2019-07-21 14:10:55,573 [8] ERROR App.UI.WebForm.Global System.Web.HttpUnhandledException (0x80004005): Se produjo una excepción de tipo 'System.Web.HttpUnhandledException'. ---> System.Data.DataException: An exception occurred while initializing the database. See the InnerException for details. ---> System.Data.Entity.Core.EntityException: An exception has been raised that is likely due to a transient failure. If you are connecting to a SQL Azure database consider using SqlAzureExecutionStrategy. ---> System.Data.Entity.Core.EntityException: The underlying provider failed on Open. ---> System.Data.Entity.Core.EntityException: An exception has been raised that is likely due to a transient failure. If you are connecting to a SQL Azure database consider using SqlAzureExecutionStrategy. ---> System.Data.SqlClient.SqlException: Se ha establecido la conexión con el servidor correctamente, pero se ha producido un error durante el inicio de sesión previo del protocolo de enlace. (provider: Shared Memory Provider, error: 0 - No hay ningún proceso en el otro extremo de la canalización.) ---> System.ComponentModel.Win32Exception: No hay ningún proceso en el otro extremo de la canalización
   --- Fin del seguimiento de la pila de la excepción interna ---
   en System.Data.ProviderBase.DbConnectionPool.TryGetConnection(DbConnection owningObject, UInt32 waitForMultipleObjectsTimeout, Boolean allowCreate, Boolean onlyOneCheckConnection, DbConnectionOptions userOptions, DbConnectionInternal& connection)
   en System.Data.ProviderBase.DbConnectionPool.TryGetConnection(DbConnection owningObject, TaskCompletionSource`1 retry, DbConnectionOptions userOptions, DbConnectionInternal& connection)
   en System.Data.ProviderBase.DbConnectionFactory.TryGetConnection(DbConnection owningConnection, TaskCompletionSource`1 retry, DbConnectionOptions userOptions, DbConnectionInternal oldConnection, DbConnectionInternal& connection)
   en System.Data.ProviderBase.DbConnectionInternal.TryOpenConnectionInternal(DbConnection outerConnection, DbConnectionFactory connectionFactory, TaskCompletionSource`1 retry, DbConnectionOptions userOptions)
   en System.Data.ProviderBase.DbConnectionClosed.TryOpenConnection(DbConnection outerConnection, DbConnectionFactory connectionFactory, TaskCompletionSource`1 retry, DbConnectionOptions userOptions)
   en System.Data.SqlClient.SqlConnection.TryOpenInner(TaskCompletionSource`1 retry)
   en System.Data.SqlClient.SqlConnection.TryOpen(TaskCompletionSource`1 retry)
   en System.Data.SqlClient.SqlConnection.Open()
   en System.Data.Entity.Infrastructure.Interception.DbConnectionDispatcher.<Open>b__36(DbConnection t, DbConnectionInterceptionContext c)
   en System.Data.Entity.Infrastructure.Interception.InternalDispatcher`1.Dispatch[TTarget,TInterceptionContext](TTarget target, Action`2 operation, TInterceptionContext interceptionContext, Action`3 executing, Action`3 executed)
   en System.Data.Entity.Infrastructure.Interception.DbConnectionDispatcher.Open(DbConnection connection, DbInterceptionContext interceptionContext)
   en System.Data.Entity.Core.EntityClient.EntityConnection.<Open>b__2()
   en System.Data.Entity.SqlServer.DefaultSqlExecutionStrategy.<>c__DisplayClass1.<Execute>b__0()
   en System.Data.Entity.SqlServer.DefaultSqlExecutionStrategy.Execute[TResult](Func`1 operation)
   --- Fin del seguimiento de la pila de la excepción interna ---
   en System.Data.Entity.SqlServer.DefaultSqlExecutionStrategy.Execute[TResult](Func`1 operation)
   en System.Data.Entity.SqlServer.DefaultSqlExecutionStrategy.Execute(Action operation)
   en System.Data.Entity.Core.EntityClient.EntityConnection.Open()
   --- Fin del seguimiento de la pila de la excepción interna ---
   en System.Data.Entity.Core.EntityClient.EntityConnection.Open()
   en System.Data.Entity.Core.Objects.ObjectContext.EnsureConnection(Boolean shouldMonitorTransactions)
   en System.Data.Entity.Core.Objects.ObjectContext.ExecuteInTransaction[T](Func`1 func, IDbExecutionStrategy executionStrategy, Boolean startLocalTransaction, Boolean releaseConnectionOnSuccess)
   en System.Data.Entity.Core.Objects.ObjectQuery`1.<>c__DisplayClass7.<GetResults>b__5()
   en System.Data.Entity.SqlServer.DefaultSqlExecutionStrategy.Execute[TResult](Func`1 operation)
   --- Fin del seguimiento de la pila de la excepción interna ---
   en System.Data.Entity.SqlServer.DefaultSqlExecutionStrategy.Execute[TResult](Func`1 operation)
   en System.Data.Entity.Core.Objects.ObjectQuery`1.GetResults(Nullable`1 forMergeOption)
   en System.Data.Entity.Core.Objects.ObjectQuery`1.<System.Collections.Generic.IEnumerable<T>.GetEnumerator>b__0()
   en System.Data.Entity.Internal.LazyEnumerator`1.MoveNext()
   en System.Linq.Enumerable.FirstOrDefault[TSource](IEnumerable`1 source)
   en System.Data.Entity.Core.Objects.ELinq.ObjectQueryProvider.<GetElementFunction>b__1[TResult](IEnumerable`1 sequence)
   en System.Data.Entity.Core.Objects.ELinq.ObjectQueryProvider.ExecuteSingle[TResult](IEnumerable`1 query, Expression queryRoot)
   en System.Data.Entity.Core.Objects.ELinq.ObjectQueryProvider.System.Linq.IQueryProvider.Execute[TResult](Expression expression)
   en System.Data.Entity.Internal.Linq.DbQueryProvider.Execute[TResult](Expression expression)
   en System.Linq.Queryable.FirstOrDefault[TSource](IQueryable`1 source)
   en System.Data.Entity.Internal.EdmMetadataRepository.QueryForModelHash(Func`2 createContext)
   en System.Data.Entity.Internal.InternalContext.QueryForModelHash()
   en System.Data.Entity.Internal.ModelCompatibilityChecker.CompatibleWithModel(InternalContext internalContext, ModelHashCalculator modelHashCalculator, Boolean throwIfNoMetadata, DatabaseExistenceState existenceState)
   en System.Data.Entity.Internal.InternalContext.CompatibleWithModel(Boolean throwIfNoMetadata, DatabaseExistenceState existenceState)
   en System.Data.Entity.CreateDatabaseIfNotExists`1.InitializeDatabase(TContext context)
   en System.Data.Entity.Internal.InternalContext.<>c__DisplayClassf`1.<CreateInitializationAction>b__e()
   en System.Data.Entity.Internal.InternalContext.PerformInitializationAction(Action action)
   --- Fin del seguimiento de la pila de la excepción interna ---
   en System.Data.Entity.Internal.InternalContext.PerformInitializationAction(Action action)
   en System.Data.Entity.Internal.InternalContext.PerformDatabaseInitialization()
   en System.Data.Entity.Internal.LazyInternalContext.<InitializeDatabase>b__4(InternalContext c)
   en System.Data.Entity.Internal.RetryAction`1.PerformAction(TInput input)
   en System.Data.Entity.Internal.LazyInternalContext.InitializeDatabaseAction(Action`1 action)
   en System.Data.Entity.Internal.LazyInternalContext.InitializeDatabase()
   en System.Data.Entity.Internal.InternalContext.Initialize()
   en System.Data.Entity.Internal.InternalContext.GetEntitySetAndBaseTypeForType(Type entityType)
   en System.Data.Entity.Internal.Linq.InternalSet`1.Initialize()
   en System.Data.Entity.Internal.Linq.InternalSet`1.GetEnumerator()
   en System.Data.Entity.Infrastructure.DbQuery`1.System.Collections.Generic.IEnumerable<TResult>.GetEnumerator()
   en System.Collections.Generic.List`1..ctor(IEnumerable`1 collection)
   en System.Linq.Enumerable.ToList[TSource](IEnumerable`1 source)
   en App.Data.Repository.GenericRepository`1.GetAll(Expression`1 filter, Func`2 orderBy) en C:\VSD\vs2017-Developer\Cap14\slnApp\App.Data.Repository\GenericRepository.cs:línea 57
   en App.UI.WebForm.Pages.Venta.VentaRegistro.LoadInit() en C:\VSD\vs2017-Developer\Cap14\slnApp\App.UI.WebForm\Pages\Venta\VentaRegistro.aspx.cs:línea 28
   en App.UI.WebForm.Pages.Venta.VentaRegistro.Page_Load(Object sender, EventArgs e) en C:\VSD\vs2017-Developer\Cap14\slnApp\App.UI.WebForm\Pages\Venta\VentaRegistro.aspx.cs:línea 20
   en System.Web.Util.CalliEventHandlerDelegateProxy.Callback(Object sender, EventArgs e)
   en System.Web.UI.Control.OnLoad(EventArgs e)
   en System.Web.UI.Control.LoadRecursive()
   en System.Web.UI.Page.ProcessRequestMain(Boolean includeStagesBeforeAsyncPoint, Boolean includeStagesAfterAsyncPoint)
   en System.Web.UI.Page.HandleError(Exception e)
   en System.Web.UI.Page.ProcessRequestMain(Boolean includeStagesBeforeAsyncPoint, Boolean includeStagesAfterAsyncPoint)
   en System.Web.UI.Page.ProcessRequest(Boolean includeStagesBeforeAsyncPoint, Boolean includeStagesAfterAsyncPoint)
   en System.Web.UI.Page.ProcessRequest()
   en System.Web.UI.Page.ProcessRequestWithNoAssert(HttpContext context)
   en System.Web.UI.Page.ProcessRequest(HttpContext context)
   en ASP.pages_venta_ventaregistro_aspx.ProcessRequest(HttpContext context)
   en System.Web.HttpApplication.CallHandlerExecutionStep.System.Web.HttpApplication.IExecutionStep.Execute()
   en System.Web.HttpApplication.ExecuteStepImpl(IExecutionStep step)
   en System.Web.HttpApplication.ExecuteStep(IExecutionStep step, Boolean& completedSynchronously)
2019-07-21 14:11:00,612 [8] ERROR App.UI.WebForm.Global System.Web.HttpUnhandledException (0x80004005): Se produjo una excepción de tipo 'System.Web.HttpUnhandledException'. ---> System.Data.DataException: An exception occurred while initializing the database. See the InnerException for details. ---> System.Data.Entity.Core.EntityException: An exception has been raised that is likely due to a transient failure. If you are connecting to a SQL Azure database consider using SqlAzureExecutionStrategy. ---> System.Data.SqlClient.SqlException: Se ha establecido la conexión con el servidor correctamente, pero se ha producido un error durante el inicio de sesión previo del protocolo de enlace. (provider: Shared Memory Provider, error: 0 - No hay ningún proceso en el otro extremo de la canalización.) ---> System.ComponentModel.Win32Exception: No hay ningún proceso en el otro extremo de la canalización
   --- Fin del seguimiento de la pila de la excepción interna ---
   en System.Data.SqlClient.SqlInternalConnectionTds..ctor(DbConnectionPoolIdentity identity, SqlConnectionString connectionOptions, SqlCredential credential, Object providerInfo, String newPassword, SecureString newSecurePassword, Boolean redirectedUserInstance, SqlConnectionString userConnectionOptions, SessionData reconnectSessionData, DbConnectionPool pool, String accessToken, Boolean applyTransientFaultHandling)
   en System.Data.SqlClient.SqlConnectionFactory.CreateConnection(DbConnectionOptions options, DbConnectionPoolKey poolKey, Object poolGroupProviderInfo, DbConnectionPool pool, DbConnection owningConnection, DbConnectionOptions userOptions)
   en System.Data.ProviderBase.DbConnectionFactory.CreatePooledConnection(DbConnectionPool pool, DbConnection owningObject, DbConnectionOptions options, DbConnectionPoolKey poolKey, DbConnectionOptions userOptions)
   en System.Data.ProviderBase.DbConnectionPool.CreateObject(DbConnection owningObject, DbConnectionOptions userOptions, DbConnectionInternal oldConnection)
   en System.Data.ProviderBase.DbConnectionPool.UserCreateRequest(DbConnection owningObject, DbConnectionOptions userOptions, DbConnectionInternal oldConnection)
   en System.Data.ProviderBase.DbConnectionPool.TryGetConnection(DbConnection owningObject, UInt32 waitForMultipleObjectsTimeout, Boolean allowCreate, Boolean onlyOneCheckConnection, DbConnectionOptions userOptions, DbConnectionInternal& connection)
   en System.Data.ProviderBase.DbConnectionPool.TryGetConnection(DbConnection owningObject, TaskCompletionSource`1 retry, DbConnectionOptions userOptions, DbConnectionInternal& connection)
   en System.Data.ProviderBase.DbConnectionFactory.TryGetConnection(DbConnection owningConnection, TaskCompletionSource`1 retry, DbConnectionOptions userOptions, DbConnectionInternal oldConnection, DbConnectionInternal& connection)
   en System.Data.ProviderBase.DbConnectionInternal.TryOpenConnectionInternal(DbConnection outerConnection, DbConnectionFactory connectionFactory, TaskCompletionSource`1 retry, DbConnectionOptions userOptions)
   en System.Data.ProviderBase.DbConnectionClosed.TryOpenConnection(DbConnection outerConnection, DbConnectionFactory connectionFactory, TaskCompletionSource`1 retry, DbConnectionOptions userOptions)
   en System.Data.SqlClient.SqlConnection.TryOpenInner(TaskCompletionSource`1 retry)
   en System.Data.SqlClient.SqlConnection.TryOpen(TaskCompletionSource`1 retry)
   en System.Data.SqlClient.SqlConnection.Open()
   en System.Data.Entity.Infrastructure.Interception.DbConnectionDispatcher.<Open>b__36(DbConnection t, DbConnectionInterceptionContext c)
   en System.Data.Entity.Infrastructure.Interception.InternalDispatcher`1.Dispatch[TTarget,TInterceptionContext](TTarget target, Action`2 operation, TInterceptionContext interceptionContext, Action`3 executing, Action`3 executed)
   en System.Data.Entity.Infrastructure.Interception.DbConnectionDispatcher.Open(DbConnection connection, DbInterceptionContext interceptionContext)
   en System.Data.Entity.SqlServer.SqlProviderServices.<>c__DisplayClass33.<UsingConnection>b__32()
   en System.Data.Entity.SqlServer.DefaultSqlExecutionStrategy.<>c__DisplayClass1.<Execute>b__0()
   en System.Data.Entity.SqlServer.DefaultSqlExecutionStrategy.Execute[TResult](Func`1 operation)
   --- Fin del seguimiento de la pila de la excepción interna ---
   en System.Data.Entity.SqlServer.DefaultSqlExecutionStrategy.Execute[TResult](Func`1 operation)
   en System.Data.Entity.SqlServer.DefaultSqlExecutionStrategy.Execute(Action operation)
   en System.Data.Entity.SqlServer.SqlProviderServices.UsingConnection(DbConnection sqlConnection, Action`1 act)
   en System.Data.Entity.SqlServer.SqlProviderServices.UsingMasterConnection(DbConnection sqlConnection, Action`1 act)
   en System.Data.Entity.SqlServer.SqlProviderServices.CreateDatabaseFromScript(Nullable`1 commandTimeout, DbConnection sqlConnection, String createDatabaseScript)
   en System.Data.Entity.SqlServer.SqlProviderServices.DbCreateDatabase(DbConnection connection, Nullable`1 commandTimeout, StoreItemCollection storeItemCollection)
   en System.Data.Entity.Core.Common.DbProviderServices.CreateDatabase(DbConnection connection, Nullable`1 commandTimeout, StoreItemCollection storeItemCollection)
   en System.Data.Entity.Core.Objects.ObjectContext.CreateDatabase()
   en System.Data.Entity.Migrations.Utilities.DatabaseCreator.Create(DbConnection connection)
   en System.Data.Entity.Migrations.DbMigrator.EnsureDatabaseExists(Action mustSucceedToKeepDatabase)
   en System.Data.Entity.Migrations.DbMigrator.Update(String targetMigration)
   en System.Data.Entity.Internal.DatabaseCreator.CreateDatabase(InternalContext internalContext, Func`3 createMigrator, ObjectContext objectContext)
   en System.Data.Entity.Internal.InternalContext.CreateDatabase(ObjectContext objectContext, DatabaseExistenceState existenceState)
   en System.Data.Entity.Database.Create(DatabaseExistenceState existenceState)
   en System.Data.Entity.CreateDatabaseIfNotExists`1.InitializeDatabase(TContext context)
   en System.Data.Entity.Internal.InternalContext.<>c__DisplayClassf`1.<CreateInitializationAction>b__e()
   en System.Data.Entity.Internal.InternalContext.PerformInitializationAction(Action action)
   --- Fin del seguimiento de la pila de la excepción interna ---
   en System.Data.Entity.Internal.InternalContext.PerformInitializationAction(Action action)
   en System.Data.Entity.Internal.InternalContext.PerformDatabaseInitialization()
   en System.Data.Entity.Internal.LazyInternalContext.<InitializeDatabase>b__4(InternalContext c)
   en System.Data.Entity.Internal.RetryAction`1.PerformAction(TInput input)
   en System.Data.Entity.Internal.LazyInternalContext.InitializeDatabaseAction(Action`1 action)
   en System.Data.Entity.Internal.LazyInternalContext.InitializeDatabase()
   en System.Data.Entity.Internal.InternalContext.Initialize()
   en System.Data.Entity.Internal.InternalContext.GetEntitySetAndBaseTypeForType(Type entityType)
   en System.Data.Entity.Internal.Linq.InternalSet`1.Initialize()
   en System.Data.Entity.Internal.Linq.InternalSet`1.GetEnumerator()
   en System.Data.Entity.Infrastructure.DbQuery`1.System.Collections.Generic.IEnumerable<TResult>.GetEnumerator()
   en System.Collections.Generic.List`1..ctor(IEnumerable`1 collection)
   en System.Linq.Enumerable.ToList[TSource](IEnumerable`1 source)
   en App.Data.Repository.GenericRepository`1.GetAll(Expression`1 filter, Func`2 orderBy) en C:\VSD\vs2017-Developer\Cap14\slnApp\App.Data.Repository\GenericRepository.cs:línea 57
   en App.UI.WebForm.Pages.Venta.VentaRegistro.LoadInit() en C:\VSD\vs2017-Developer\Cap14\slnApp\App.UI.WebForm\Pages\Venta\VentaRegistro.aspx.cs:línea 28
   en App.UI.WebForm.Pages.Venta.VentaRegistro.Page_Load(Object sender, EventArgs e) en C:\VSD\vs2017-Developer\Cap14\slnApp\App.UI.WebForm\Pages\Venta\VentaRegistro.aspx.cs:línea 20
   en System.Web.Util.CalliEventHandlerDelegateProxy.Callback(Object sender, EventArgs e)
   en System.Web.UI.Control.OnLoad(EventArgs e)
   en System.Web.UI.Control.LoadRecursive()
   en System.Web.UI.Page.ProcessRequestMain(Boolean includeStagesBeforeAsyncPoint, Boolean includeStagesAfterAsyncPoint)
   en System.Web.UI.Page.HandleError(Exception e)
   en System.Web.UI.Page.ProcessRequestMain(Boolean includeStagesBeforeAsyncPoint, Boolean includeStagesAfterAsyncPoint)
   en System.Web.UI.Page.ProcessRequest(Boolean includeStagesBeforeAsyncPoint, Boolean includeStagesAfterAsyncPoint)
   en System.Web.UI.Page.ProcessRequest()
   en System.Web.UI.Page.ProcessRequestWithNoAssert(HttpContext context)
   en System.Web.UI.Page.ProcessRequest(HttpContext context)
   en ASP.pages_venta_ventaregistro_aspx.ProcessRequest(HttpContext context)
   en System.Web.HttpApplication.CallHandlerExecutionStep.System.Web.HttpApplication.IExecutionStep.Execute()
   en System.Web.HttpApplication.ExecuteStepImpl(IExecutionStep step)
   en System.Web.HttpApplication.ExecuteStep(IExecutionStep step, Boolean& completedSynchronously)
